[INFO][main][2017-04-26 22:31:31][org.springframework.context.support.AbstractApplicationContext] - Refreshing org.springframework.context.support.ClassPathXmlApplicationContext@41a4555e: startup date [Wed Apr 26 22:31:31 CST 2017]; root of context hierarchy
  [INFO][main][2017-04-26 22:31:31][org.springframework.beans.factory.xml.XmlBeanDefinitionReader] - Loading XML bean definitions from class path resource [spring-mybatis.xml]
  [WARN][main][2017-04-26 22:31:32][org.mybatis.spring.mapper.ClassPathMapperScanner] - No MyBatis mapper was found in '[com.app.ssm.dao]' package. Please check your configuration.
  [INFO][main][2017-04-26 22:31:32][org.springframework.core.io.support.PropertiesLoaderSupport] - Loading properties file from class path resource [jdbc.properties]
  [INFO][main][2017-04-26 22:31:32][org.springframework.beans.factory.annotation.AutowiredAnnotationBeanPostProcessor] - JSR-330 'javax.inject.Inject' annotation found and supported for autowiring
  [INFO][main][2017-04-26 23:00:58][org.springframework.context.support.AbstractApplicationContext] - Refreshing org.springframework.context.support.ClassPathXmlApplicationContext@41a4555e: startup date [Wed Apr 26 23:00:58 CST 2017]; root of context hierarchy
  [INFO][main][2017-04-26 23:00:58][org.springframework.beans.factory.xml.XmlBeanDefinitionReader] - Loading XML bean definitions from class path resource [spring-mybatis.xml]
  [INFO][main][2017-04-26 23:00:59][org.springframework.core.io.support.PropertiesLoaderSupport] - Loading properties file from class path resource [jdbc.properties]
  [INFO][main][2017-04-26 23:00:59][org.springframework.beans.factory.annotation.AutowiredAnnotationBeanPostProcessor] - JSR-330 'javax.inject.Inject' annotation found and supported for autowiring
  [WARN][main][2017-04-26 23:00:59][org.springframework.context.support.AbstractApplicationContext] - Exception encountered during context initialization - cancelling refresh attempt: org.springframework.beans.factory.BeanCreationException: Error creating bean with name 'userController': Injection of resource dependencies failed; nested exception is org.springframework.beans.factory.BeanCreationException: Error creating bean with name 'userService': Injection of resource dependencies failed; nested exception is org.springframework.beans.factory.BeanCreationException: Error creating bean with name 'userDao' defined in file [E:\IdeaProject\SpringMyBatisSpringMvc\target\classes\com\app\ssm\dao\UserDao.class]: Cannot resolve reference to bean 'sqlSessionFactory' while setting bean property 'sqlSessionFactory'; nested exception is org.springframework.beans.factory.BeanCreationException: Error creating bean with name 'sqlSessionFactory' defined in class path resource [spring-mybatis.xml]: Invocation of init method failed; nested exception is org.springframework.core.NestedIOException: Failed to parse config resource: class path resource [sqlMapConfig.xml]; nested exception is org.apache.ibatis.builder.BuilderException: Error parsing SQL Mapper Configuration. Cause: java.io.IOException: Could not find resource com/app/ssm/mapper/UserMapper.xml
  [INFO][main][2017-04-26 23:07:19][org.springframework.context.support.AbstractApplicationContext] - Refreshing org.springframework.context.support.ClassPathXmlApplicationContext@41a4555e: startup date [Wed Apr 26 23:07:19 CST 2017]; root of context hierarchy
  [INFO][main][2017-04-26 23:07:19][org.springframework.beans.factory.xml.XmlBeanDefinitionReader] - Loading XML bean definitions from class path resource [spring-mybatis.xml]
  [INFO][main][2017-04-26 23:07:20][org.springframework.core.io.support.PropertiesLoaderSupport] - Loading properties file from class path resource [jdbc.properties]
  [INFO][main][2017-04-26 23:07:20][org.springframework.beans.factory.annotation.AutowiredAnnotationBeanPostProcessor] - JSR-330 'javax.inject.Inject' annotation found and supported for autowiring
  [WARN][main][2017-04-26 23:07:20][org.springframework.context.support.AbstractApplicationContext] - Exception encountered during context initialization - cancelling refresh attempt: org.springframework.beans.factory.BeanCreationException: Error creating bean with name 'userController': Injection of resource dependencies failed; nested exception is org.springframework.beans.factory.BeanCreationException: Error creating bean with name 'userService' defined in file [E:\IdeaProject\SpringMyBatisSpringMvc\target\classes\com\app\ssm\service\impl\UserServiceImpl.class]: Invocation of init method failed; nested exception is java.lang.IllegalArgumentException: Property 'sqlSessionFactory' or 'sqlSessionTemplate' are required
  [INFO][main][2017-04-26 23:11:42][org.springframework.context.support.AbstractApplicationContext] - Refreshing org.springframework.context.support.ClassPathXmlApplicationContext@41a4555e: startup date [Wed Apr 26 23:11:42 CST 2017]; root of context hierarchy
  [INFO][main][2017-04-26 23:11:42][org.springframework.beans.factory.xml.XmlBeanDefinitionReader] - Loading XML bean definitions from class path resource [spring-mybatis.xml]
  [INFO][main][2017-04-26 23:13:03][org.springframework.context.support.AbstractApplicationContext] - Refreshing org.springframework.context.support.ClassPathXmlApplicationContext@41a4555e: startup date [Wed Apr 26 23:13:03 CST 2017]; root of context hierarchy
  [INFO][main][2017-04-26 23:13:03][org.springframework.beans.factory.xml.XmlBeanDefinitionReader] - Loading XML bean definitions from class path resource [spring-mybatis.xml]
  [INFO][main][2017-04-26 23:13:04][org.springframework.beans.factory.support.DefaultListableBeanFactory] - Overriding bean definition for bean 'userService' with a different definition: replacing [Generic bean: class [com.app.ssm.service.impl.UserServiceImpl]; scope=singleton; abstract=false; lazyInit=false; autowireMode=0; dependencyCheck=0; autowireCandidate=true; primary=false; factoryBeanName=null; factoryMethodName=null; initMethodName=null; destroyMethodName=null; defined in file [E:\IdeaProject\SpringMyBatisSpringMvc\target\classes\com\app\ssm\service\impl\UserServiceImpl.class]] with [Generic bean: class [com.app.ssm.service.impl.UserServiceImpl]; scope=; abstract=false; lazyInit=false; autowireMode=0; dependencyCheck=0; autowireCandidate=true; primary=false; factoryBeanName=null; factoryMethodName=null; initMethodName=null; destroyMethodName=null; defined in class path resource [spring-mybatis.xml]]
  [WARN][main][2017-04-26 23:13:04][org.mybatis.spring.mapper.ClassPathMapperScanner] - Skipping MapperFactoryBean with name 'userService' and 'com.app.ssm.service.UserService' mapperInterface. Bean already defined with the same name!
  [WARN][main][2017-04-26 23:13:04][org.mybatis.spring.mapper.ClassPathMapperScanner] - No MyBatis mapper was found in '[com.app.ssm.service]' package. Please check your configuration.
  [INFO][main][2017-04-26 23:13:04][org.springframework.core.io.support.PropertiesLoaderSupport] - Loading properties file from class path resource [jdbc.properties]
  [INFO][main][2017-04-26 23:13:04][org.springframework.beans.factory.annotation.AutowiredAnnotationBeanPostProcessor] - JSR-330 'javax.inject.Inject' annotation found and supported for autowiring
  [WARN][main][2017-04-26 23:13:05][org.springframework.context.support.AbstractApplicationContext] - Exception encountered during context initialization - cancelling refresh attempt: org.springframework.beans.factory.BeanCreationException: Error creating bean with name 'userController': Injection of resource dependencies failed; nested exception is org.springframework.beans.factory.BeanCreationException: Error creating bean with name 'userService' defined in class path resource [spring-mybatis.xml]: Cannot resolve reference to bean 'sqlSessionFactory' while setting bean property 'sqlSessionFactory'; nested exception is org.springframework.beans.factory.BeanCreationException: Error creating bean with name 'sqlSessionFactory' defined in class path resource [spring-mybatis.xml]: Invocation of init method failed; nested exception is org.springframework.core.NestedIOException: Failed to parse config resource: class path resource [sqlMapConfig.xml]; nested exception is org.apache.ibatis.builder.BuilderException: Error parsing SQL Mapper Configuration. Cause: java.io.IOException: Could not find resource com/app/ssm/mapper/UserMapper.xml
  [INFO][main][2017-04-26 23:13:35][org.springframework.context.support.AbstractApplicationContext] - Refreshing org.springframework.context.support.ClassPathXmlApplicationContext@41a4555e: startup date [Wed Apr 26 23:13:35 CST 2017]; root of context hierarchy
  [INFO][main][2017-04-26 23:13:35][org.springframework.beans.factory.xml.XmlBeanDefinitionReader] - Loading XML bean definitions from class path resource [spring-mybatis.xml]
  [INFO][main][2017-04-26 23:13:35][org.springframework.beans.factory.support.DefaultListableBeanFactory] - Overriding bean definition for bean 'userService' with a different definition: replacing [Generic bean: class [com.app.ssm.service.impl.UserServiceImpl]; scope=singleton; abstract=false; lazyInit=false; autowireMode=0; dependencyCheck=0; autowireCandidate=true; primary=false; factoryBeanName=null; factoryMethodName=null; initMethodName=null; destroyMethodName=null; defined in file [E:\IdeaProject\SpringMyBatisSpringMvc\target\classes\com\app\ssm\service\impl\UserServiceImpl.class]] with [Generic bean: class [com.app.ssm.service.impl.UserServiceImpl]; scope=; abstract=false; lazyInit=false; autowireMode=0; dependencyCheck=0; autowireCandidate=true; primary=false; factoryBeanName=null; factoryMethodName=null; initMethodName=null; destroyMethodName=null; defined in class path resource [spring-mybatis.xml]]
  [WARN][main][2017-04-26 23:13:36][org.mybatis.spring.mapper.ClassPathMapperScanner] - Skipping MapperFactoryBean with name 'userService' and 'com.app.ssm.service.UserService' mapperInterface. Bean already defined with the same name!
  [WARN][main][2017-04-26 23:13:36][org.mybatis.spring.mapper.ClassPathMapperScanner] - No MyBatis mapper was found in '[com.app.ssm.service]' package. Please check your configuration.
  [INFO][main][2017-04-26 23:13:36][org.springframework.core.io.support.PropertiesLoaderSupport] - Loading properties file from class path resource [jdbc.properties]
  [INFO][main][2017-04-26 23:13:36][org.springframework.beans.factory.annotation.AutowiredAnnotationBeanPostProcessor] - JSR-330 'javax.inject.Inject' annotation found and supported for autowiring
  [WARN][main][2017-04-26 23:13:36][org.springframework.context.support.AbstractApplicationContext] - Exception encountered during context initialization - cancelling refresh attempt: org.springframework.beans.factory.BeanCreationException: Error creating bean with name 'userService' defined in class path resource [spring-mybatis.xml]: Cannot resolve reference to bean 'sqlSessionFactory' while setting bean property 'sqlSessionFactory'; nested exception is org.springframework.beans.factory.BeanCreationException: Error creating bean with name 'sqlSessionFactory' defined in class path resource [spring-mybatis.xml]: Invocation of init method failed; nested exception is org.springframework.core.NestedIOException: Failed to parse config resource: class path resource [sqlMapConfig.xml]; nested exception is org.apache.ibatis.builder.BuilderException: Error parsing SQL Mapper Configuration. Cause: java.io.IOException: Could not find resource com/app/ssm/mapper/UserMapper.xml
  [INFO][main][2017-04-26 23:14:05][org.springframework.context.support.AbstractApplicationContext] - Refreshing org.springframework.context.support.ClassPathXmlApplicationContext@41a4555e: startup date [Wed Apr 26 23:14:04 CST 2017]; root of context hierarchy
  [INFO][main][2017-04-26 23:14:05][org.springframework.beans.factory.xml.XmlBeanDefinitionReader] - Loading XML bean definitions from class path resource [spring-mybatis.xml]
  [WARN][main][2017-04-26 23:14:05][org.mybatis.spring.mapper.ClassPathMapperScanner] - Skipping MapperFactoryBean with name 'userService' and 'com.app.ssm.service.UserService' mapperInterface. Bean already defined with the same name!
  [WARN][main][2017-04-26 23:14:05][org.mybatis.spring.mapper.ClassPathMapperScanner] - No MyBatis mapper was found in '[com.app.ssm.service]' package. Please check your configuration.
  [INFO][main][2017-04-26 23:14:05][org.springframework.core.io.support.PropertiesLoaderSupport] - Loading properties file from class path resource [jdbc.properties]
  [INFO][main][2017-04-26 23:14:05][org.springframework.beans.factory.annotation.AutowiredAnnotationBeanPostProcessor] - JSR-330 'javax.inject.Inject' annotation found and supported for autowiring
  [WARN][main][2017-04-26 23:14:06][org.springframework.context.support.AbstractApplicationContext] - Exception encountered during context initialization - cancelling refresh attempt: org.springframework.beans.factory.BeanCreationException: Error creating bean with name 'sqlSessionFactory' defined in class path resource [spring-mybatis.xml]: Invocation of init method failed; nested exception is org.springframework.core.NestedIOException: Failed to parse config resource: class path resource [sqlMapConfig.xml]; nested exception is org.apache.ibatis.builder.BuilderException: Error parsing SQL Mapper Configuration. Cause: java.io.IOException: Could not find resource com/app/ssm/mapper/UserMapper.xml
  [INFO][main][2017-04-26 23:16:56][org.springframework.context.support.AbstractApplicationContext] - Refreshing org.springframework.context.support.ClassPathXmlApplicationContext@41a4555e: startup date [Wed Apr 26 23:16:56 CST 2017]; root of context hierarchy
  [INFO][main][2017-04-26 23:16:56][org.springframework.beans.factory.xml.XmlBeanDefinitionReader] - Loading XML bean definitions from class path resource [spring-mybatis.xml]
  [WARN][main][2017-04-26 23:16:57][org.mybatis.spring.mapper.ClassPathMapperScanner] - Skipping MapperFactoryBean with name 'userService' and 'com.app.ssm.service.UserService' mapperInterface. Bean already defined with the same name!
  [WARN][main][2017-04-26 23:16:57][org.mybatis.spring.mapper.ClassPathMapperScanner] - No MyBatis mapper was found in '[com.app.ssm.service]' package. Please check your configuration.
  [INFO][main][2017-04-26 23:16:57][org.springframework.core.io.support.PropertiesLoaderSupport] - Loading properties file from class path resource [jdbc.properties]
  [INFO][main][2017-04-26 23:16:57][org.springframework.beans.factory.annotation.AutowiredAnnotationBeanPostProcessor] - JSR-330 'javax.inject.Inject' annotation found and supported for autowiring
  [WARN][main][2017-04-26 23:16:58][org.springframework.context.support.AbstractApplicationContext] - Exception encountered during context initialization - cancelling refresh attempt: org.springframework.beans.factory.BeanCreationException: Error creating bean with name 'sqlSessionFactory' defined in class path resource [spring-mybatis.xml]: Invocation of init method failed; nested exception is org.springframework.core.NestedIOException: Failed to parse config resource: class path resource [sqlMapConfig.xml]; nested exception is org.apache.ibatis.builder.BuilderException: Error parsing SQL Mapper Configuration. Cause: org.apache.ibatis.builder.BuilderException: Error parsing Mapper XML. Cause: org.apache.ibatis.builder.BuilderException: Error resolving class. Cause: org.apache.ibatis.type.TypeException: Could not resolve type alias 'com.pack.bean.User'.  Cause: java.lang.ClassNotFoundException: Cannot find class: com.pack.bean.User
  [INFO][main][2017-04-26 23:17:46][org.springframework.context.support.AbstractApplicationContext] - Refreshing org.springframework.context.support.ClassPathXmlApplicationContext@41a4555e: startup date [Wed Apr 26 23:17:46 CST 2017]; root of context hierarchy
  [INFO][main][2017-04-26 23:17:46][org.springframework.beans.factory.xml.XmlBeanDefinitionReader] - Loading XML bean definitions from class path resource [spring-mybatis.xml]
  [WARN][main][2017-04-26 23:17:47][org.mybatis.spring.mapper.ClassPathMapperScanner] - Skipping MapperFactoryBean with name 'userService' and 'com.app.ssm.service.UserService' mapperInterface. Bean already defined with the same name!
  [WARN][main][2017-04-26 23:17:47][org.mybatis.spring.mapper.ClassPathMapperScanner] - No MyBatis mapper was found in '[com.app.ssm.service]' package. Please check your configuration.
  [INFO][main][2017-04-26 23:17:47][org.springframework.core.io.support.PropertiesLoaderSupport] - Loading properties file from class path resource [jdbc.properties]
  [INFO][main][2017-04-26 23:17:47][org.springframework.beans.factory.annotation.AutowiredAnnotationBeanPostProcessor] - JSR-330 'javax.inject.Inject' annotation found and supported for autowiring
  [INFO][main][2017-04-26 23:17:55][org.springframework.context.support.AbstractApplicationContext] - Refreshing org.springframework.context.support.ClassPathXmlApplicationContext@41a4555e: startup date [Wed Apr 26 23:17:55 CST 2017]; root of context hierarchy
  [INFO][main][2017-04-26 23:17:56][org.springframework.beans.factory.xml.XmlBeanDefinitionReader] - Loading XML bean definitions from class path resource [spring-mybatis.xml]
  [WARN][main][2017-04-26 23:17:56][org.mybatis.spring.mapper.ClassPathMapperScanner] - Skipping MapperFactoryBean with name 'userService' and 'com.app.ssm.service.UserService' mapperInterface. Bean already defined with the same name!
  [WARN][main][2017-04-26 23:17:56][org.mybatis.spring.mapper.ClassPathMapperScanner] - No MyBatis mapper was found in '[com.app.ssm.service]' package. Please check your configuration.
  [INFO][main][2017-04-26 23:17:56][org.springframework.core.io.support.PropertiesLoaderSupport] - Loading properties file from class path resource [jdbc.properties]
  [INFO][main][2017-04-26 23:17:56][org.springframework.beans.factory.annotation.AutowiredAnnotationBeanPostProcessor] - JSR-330 'javax.inject.Inject' annotation found and supported for autowiring
  [INFO][main][2017-04-26 23:18:18][org.springframework.context.support.AbstractApplicationContext] - Refreshing org.springframework.context.support.ClassPathXmlApplicationContext@41a4555e: startup date [Wed Apr 26 23:18:18 CST 2017]; root of context hierarchy
  [INFO][main][2017-04-26 23:18:18][org.springframework.beans.factory.xml.XmlBeanDefinitionReader] - Loading XML bean definitions from class path resource [spring-mybatis.xml]
  [WARN][main][2017-04-26 23:18:19][org.mybatis.spring.mapper.ClassPathMapperScanner] - Skipping MapperFactoryBean with name 'userService' and 'com.app.ssm.service.UserService' mapperInterface. Bean already defined with the same name!
  [WARN][main][2017-04-26 23:18:19][org.mybatis.spring.mapper.ClassPathMapperScanner] - No MyBatis mapper was found in '[com.app.ssm.service]' package. Please check your configuration.
  [INFO][main][2017-04-26 23:18:19][org.springframework.core.io.support.PropertiesLoaderSupport] - Loading properties file from class path resource [jdbc.properties]
  [INFO][main][2017-04-26 23:18:19][org.springframework.beans.factory.annotation.AutowiredAnnotationBeanPostProcessor] - JSR-330 'javax.inject.Inject' annotation found and supported for autowiring
  